TN:
SF:src\shared\api\client.ts
FN:9,(anonymous_0)
FN:10,(anonymous_1)
FN:11,(anonymous_2)
FN:12,(anonymous_3)
FNF:4
FNH:0
FNDA:0,(anonymous_0)
FNDA:0,(anonymous_1)
FNDA:0,(anonymous_2)
FNDA:0,(anonymous_3)
DA:1,1
DA:3,1
DA:8,1
DA:9,0
DA:10,0
DA:11,0
DA:12,0
LF:7
LH:3
BRF:0
BRH:0
end_of_record
TN:
SF:src\shared\api\envConfig.ts
FN:7,(anonymous_0)
FN:12,(anonymous_1)
FNF:2
FNH:2
FNDA:1,(anonymous_0)
FNDA:1,(anonymous_1)
DA:8,1
DA:9,1
DA:13,1
DA:20,1
LF:4
LH:4
BRDA:9,0,0,1
BRDA:9,0,1,0
BRF:2
BRH:1
end_of_record
TN:
SF:src\shared\api\errors.ts
FN:2,(anonymous_0)
FN:12,(anonymous_1)
FN:22,(anonymous_2)
FN:31,(anonymous_3)
FN:40,(anonymous_4)
FN:49,(anonymous_5)
FNF:6
FNH:6
FNDA:1,(anonymous_0)
FNDA:1,(anonymous_1)
FNDA:1,(anonymous_2)
FNDA:1,(anonymous_3)
FNDA:1,(anonymous_4)
FNDA:1,(anonymous_5)
DA:1,1
DA:3,1
DA:4,1
DA:5,1
DA:9,1
DA:10,1
DA:11,1
DA:13,1
DA:14,1
DA:15,1
DA:16,1
DA:20,1
DA:21,1
DA:23,1
DA:24,1
DA:25,1
DA:29,1
DA:30,1
DA:32,1
DA:33,1
DA:34,1
DA:38,1
DA:39,1
DA:41,1
DA:42,1
DA:43,1
DA:44,1
DA:48,1
DA:50,1
DA:51,1
DA:52,1
LF:31
LH:31
BRDA:43,0,0,1
BRDA:43,0,1,0
BRF:2
BRH:1
end_of_record
TN:
SF:src\shared\api\metricsCollector.ts
FN:10,(anonymous_0)
FN:18,(anonymous_1)
FN:22,(anonymous_2)
FN:27,(anonymous_3)
FN:31,(anonymous_4)
FN:35,(anonymous_5)
FN:39,(anonymous_6)
FN:40,(anonymous_7)
FN:52,(anonymous_8)
FNF:9
FNH:9
FNDA:1,(anonymous_0)
FNDA:1,(anonymous_1)
FNDA:2,(anonymous_2)
FNDA:1,(anonymous_3)
FNDA:1,(anonymous_4)
FNDA:1,(anonymous_5)
FNDA:1,(anonymous_6)
FNDA:2,(anonymous_7)
FNDA:9,(anonymous_8)
DA:11,1
DA:12,1
DA:13,1
DA:14,1
DA:15,1
DA:16,1
DA:19,1
DA:23,2
DA:24,2
DA:28,1
DA:32,1
DA:36,1
DA:40,2
DA:41,1
DA:42,1
DA:53,9
DA:54,9
DA:55,9
DA:56,9
DA:57,9
DA:58,9
DA:62,1
LF:22
LH:22
BRDA:41,0,0,1
BRDA:41,0,1,0
BRF:2
BRH:1
end_of_record
TN:
SF:src\shared\api\transformAxiosError.ts
FN:10,transformAxiosError
FNF:1
FNH:1
FNDA:6,transformAxiosError
DA:1,1
DA:10,1
DA:11,6
DA:12,0
DA:15,6
DA:16,1
DA:19,5
DA:20,5
DA:21,1
DA:24,4
DA:25,4
DA:26,4
DA:28,4
DA:30,1
DA:33,1
DA:35,1
DA:40,1
DA:42,0
LF:18
LH:16
BRDA:11,0,0,0
BRDA:11,0,1,6
BRDA:15,1,0,1
BRDA:15,1,1,5
BRDA:15,2,0,6
BRDA:15,2,1,5
BRDA:15,2,2,2
BRDA:16,3,0,1
BRDA:16,3,1,0
BRDA:20,4,0,1
BRDA:20,4,1,4
BRDA:21,5,0,1
BRDA:21,5,1,0
BRDA:25,6,0,4
BRDA:25,6,1,3
BRDA:26,7,0,4
BRDA:26,7,1,3
BRDA:26,7,2,3
BRDA:28,8,0,1
BRDA:28,8,1,1
BRDA:28,8,2,1
BRDA:28,8,3,1
BRDA:28,8,4,0
BRDA:28,8,5,0
BRDA:28,8,6,1
BRDA:28,8,7,1
BRDA:28,8,8,0
BRF:27
BRH:21
end_of_record
